aMinorBluesPrimer/build/outputs/apk/manifest-merger-debug-report.txt
-- Merging decision tree log ---
manifest
ADDED from AndroidManifest.xml:2:1
	package
		ADDED from AndroidManifest.xml:3:5
		INJECTED from AndroidManifest.xml:0:0
		INJECTED from AndroidManifest.xml:0:0
	android:versionName
		ADDED from AndroidManifest.xml:5:5
	android:versionCode
		ADDED from AndroidManifest.xml:4:5
		INJECTED from AndroidManifest.xml:0:0
		INJECTED from AndroidManifest.xml:0:0
	xmlns:android
		ADDED from AndroidManifest.xml:2:11
uses-sdk
ADDED from AndroidManifest.xml:7:5
MERGED from AMinorBluesPrimer:library:unspecified:22:5
	android:targetSdkVersion
		ADDED from AndroidManifest.xml:9:9
		INJECTED from AndroidManifest.xml:0:0
		INJECTED from AndroidManifest.xml:0:0
	android:minSdkVersion
		ADDED from AndroidManifest.xml:8:9
		INJECTED from AndroidManifest.xml:0:0
		INJECTED from AndroidManifest.xml:0:0
uses-permission#android.permission.INTERNET
ADDED from AndroidManifest.xml:11:5
	android:name
		ADDED from AndroidManifest.xml:11:22
uses-permission#com.android.vending.CHECK_LICENSE
ADDED from AndroidManifest.xml:12:5
MERGED from AMinorBluesPrimer:library:unspecified:26:5
	android:name
		ADDED from AndroidManifest.xml:12:22
application
ADDED from AndroidManifest.xml:14:5
	android:label
		ADDED from AndroidManifest.xml:17:9
	android:allowBackup
		ADDED from AndroidManifest.xml:15:9
	android:icon
		ADDED from AndroidManifest.xml:16:9
	android:theme
		ADDED from AndroidManifest.xml:18:9
activity#com.rsnorrena.aminorbluesprimer.Splash
ADDED from AndroidManifest.xml:19:9
	android:screenOrientation
		ADDED from AndroidManifest.xml:22:13
	android:label
		ADDED from AndroidManifest.xml:21:13
	android:name
		ADDED from AndroidManifest.xml:20:13
intent-filter#android.intent.action.MAIN+android.intent.category.LAUNCHER
ADDED from AndroidManifest.xml:23:13
action#android.intent.action.MAIN
ADDED from AndroidManifest.xml:24:17
	android:name
		ADDED from AndroidManifest.xml:24:25
category#android.intent.category.LAUNCHER
ADDED from AndroidManifest.xml:26:17
	android:name
		ADDED from AndroidManifest.xml:26:27
activity#com.rsnorrena.aminorbluesprimer.WhatAbout
ADDED from AndroidManifest.xml:29:9
	android:screenOrientation
		ADDED from AndroidManifest.xml:32:13
	android:label
		ADDED from AndroidManifest.xml:31:13
	android:name
		ADDED from AndroidManifest.xml:30:13
intent-filter#android.intent.category.DEFAULT+com.example.tammysapp.WHATABOUT
ADDED from AndroidManifest.xml:33:13
action#com.example.tammysapp.WHATABOUT
ADDED from AndroidManifest.xml:34:17
	android:name
		ADDED from AndroidManifest.xml:34:25
category#android.intent.category.DEFAULT
ADDED from AndroidManifest.xml:36:17
	android:name
		ADDED from AndroidManifest.xml:36:27
activity#com.rsnorrena.aminorbluesprimer.BluesMusicTheory
ADDED from AndroidManifest.xml:39:9
	android:screenOrientation
		ADDED from AndroidManifest.xml:42:13
	android:label
		ADDED from AndroidManifest.xml:41:13
	android:name
		ADDED from AndroidManifest.xml:40:13
intent-filter#android.intent.category.DEFAULT+com.example.tammysapp.MENU1
ADDED from AndroidManifest.xml:43:13
action#com.example.tammysapp.MENU1
ADDED from AndroidManifest.xml:44:17
	android:name
		ADDED from AndroidManifest.xml:44:25
activity#com.rsnorrena.aminorbluesprimer.MainMenu
ADDED from AndroidManifest.xml:49:9
	android:screenOrientation
		ADDED from AndroidManifest.xml:52:13
	android:label
		ADDED from AndroidManifest.xml:51:13
	android:name
		ADDED from AndroidManifest.xml:50:13
intent-filter#android.intent.category.DEFAULT+com.example.tammysapp.MAINMENU
ADDED from AndroidManifest.xml:53:13
action#com.example.tammysapp.MAINMENU
ADDED from AndroidManifest.xml:54:17
	android:name
		ADDED from AndroidManifest.xml:54:25
activity#com.rsnorrena.aminorbluesprimer.BluesSolosMenu
ADDED from AndroidManifest.xml:59:9
	android:screenOrientation
		ADDED from AndroidManifest.xml:62:13
	android:label
		ADDED from AndroidManifest.xml:61:13
	android:name
		ADDED from AndroidManifest.xml:60:13
intent-filter#android.intent.category.DEFAULT+com.example.tammysapp.MENU3
ADDED from AndroidManifest.xml:63:13
action#com.example.tammysapp.MENU3
ADDED from AndroidManifest.xml:64:17
	android:name
		ADDED from AndroidManifest.xml:64:25
activity#com.rsnorrena.aminorbluesprimer.TwelveBarBlues
ADDED from AndroidManifest.xml:69:9
	android:screenOrientation
		ADDED from AndroidManifest.xml:72:13
	android:label
		ADDED from AndroidManifest.xml:71:13
	android:name
		ADDED from AndroidManifest.xml:70:13
intent-filter#android.intent.category.DEFAULT+com.example.tammysapp.TWELVEBARBLUES
ADDED from AndroidManifest.xml:73:13
action#com.example.tammysapp.TWELVEBARBLUES
ADDED from AndroidManifest.xml:74:17
	android:name
		ADDED from AndroidManifest.xml:74:25
activity#com.rsnorrena.aminorbluesprimer.BarChords
ADDED from AndroidManifest.xml:79:9
	android:screenOrientation
		ADDED from AndroidManifest.xml:82:13
	android:label
		ADDED from AndroidManifest.xml:81:13
	android:name
		ADDED from AndroidManifest.xml:80:13
intent-filter#android.intent.category.DEFAULT+com.example.tammysapp.BARCHORDS
ADDED from AndroidManifest.xml:83:13
action#com.example.tammysapp.BARCHORDS
ADDED from AndroidManifest.xml:84:17
	android:name
		ADDED from AndroidManifest.xml:84:25
activity#com.rsnorrena.aminorbluesprimer.Scales
ADDED from AndroidManifest.xml:89:9
	android:screenOrientation
		ADDED from AndroidManifest.xml:92:13
	android:label
		ADDED from AndroidManifest.xml:91:13
	android:name
		ADDED from AndroidManifest.xml:90:13
intent-filter#android.intent.category.DEFAULT+com.example.tammysapp.SCALES
ADDED from AndroidManifest.xml:93:13
action#com.example.tammysapp.SCALES
ADDED from AndroidManifest.xml:94:17
	android:name
		ADDED from AndroidManifest.xml:94:25
activity#com.rsnorrena.aminorbluesprimer.ScalesView
ADDED from AndroidManifest.xml:99:9
	android:screenOrientation
		ADDED from AndroidManifest.xml:102:13
	android:label
		ADDED from AndroidManifest.xml:101:13
	android:name
		ADDED from AndroidManifest.xml:100:13
intent-filter#android.intent.category.DEFAULT+com.example.tammysapp.SCALESVIEW
ADDED from AndroidManifest.xml:103:13
action#com.example.tammysapp.SCALESVIEW
ADDED from AndroidManifest.xml:104:17
	android:name
		ADDED from AndroidManifest.xml:104:25
activity#com.rsnorrena.aminorbluesprimer.AdvRiff1AminVideo
ADDED from AndroidManifest.xml:109:9
	android:screenOrientation
		ADDED from AndroidManifest.xml:112:13
	android:label
		ADDED from AndroidManifest.xml:111:13
	android:noHistory
		ADDED from AndroidManifest.xml:113:13
	android:name
		ADDED from AndroidManifest.xml:110:13
intent-filter#android.intent.category.DEFAULT+com.example.tammysapp.ADVRIFF1AMINVIDEO
ADDED from AndroidManifest.xml:114:13
action#com.example.tammysapp.ADVRIFF1AMINVIDEO
ADDED from AndroidManifest.xml:115:17
	android:name
		ADDED from AndroidManifest.xml:115:25
activity#com.rsnorrena.aminorbluesprimer.BegRiff1Of3
ADDED from AndroidManifest.xml:120:9
	android:screenOrientation
		ADDED from AndroidManifest.xml:123:13
	android:label
		ADDED from AndroidManifest.xml:122:13
	android:noHistory
		ADDED from AndroidManifest.xml:124:13
	android:name
		ADDED from AndroidManifest.xml:121:13
intent-filter#android.intent.category.DEFAULT+com.example.tammysapp.BEGRIFF1OF3
ADDED from AndroidManifest.xml:125:13
action#com.example.tammysapp.BEGRIFF1OF3
ADDED from AndroidManifest.xml:126:17
	android:name
		ADDED from AndroidManifest.xml:126:25
activity#com.rsnorrena.aminorbluesprimer.BegRiff2Of3
ADDED from AndroidManifest.xml:131:9
	android:screenOrientation
		ADDED from AndroidManifest.xml:134:13
	android:label
		ADDED from AndroidManifest.xml:133:13
	android:noHistory
		ADDED from AndroidManifest.xml:135:13
	android:name
		ADDED from AndroidManifest.xml:132:13
intent-filter#android.intent.category.DEFAULT+com.example.tammysapp.BEGRIFF2OF3
ADDED from AndroidManifest.xml:136:13
action#com.example.tammysapp.BEGRIFF2OF3
ADDED from AndroidManifest.xml:137:17
	android:name
		ADDED from AndroidManifest.xml:137:25
activity#com.rsnorrena.aminorbluesprimer.BegRiff3Of3
ADDED from AndroidManifest.xml:142:9
	android:screenOrientation
		ADDED from AndroidManifest.xml:145:13
	android:label
		ADDED from AndroidManifest.xml:144:13
	android:noHistory
		ADDED from AndroidManifest.xml:146:13
	android:name
		ADDED from AndroidManifest.xml:143:13
intent-filter#android.intent.category.DEFAULT+com.example.tammysapp.BEGRIFF3OF3
ADDED from AndroidManifest.xml:147:13
action#com.example.tammysapp.BEGRIFF3OF3
ADDED from AndroidManifest.xml:148:17
	android:name
		ADDED from AndroidManifest.xml:148:25
activity#com.rsnorrena.aminorbluesprimer.IntRiff1Of3
ADDED from AndroidManifest.xml:153:9
	android:screenOrientation
		ADDED from AndroidManifest.xml:156:13
	android:label
		ADDED from AndroidManifest.xml:155:13
	android:noHistory
		ADDED from AndroidManifest.xml:157:13
	android:name
		ADDED from AndroidManifest.xml:154:13
intent-filter#android.intent.category.DEFAULT+com.example.tammysapp.INTRIFF1OF3
ADDED from AndroidManifest.xml:158:13
action#com.example.tammysapp.INTRIFF1OF3
ADDED from AndroidManifest.xml:159:17
	android:name
		ADDED from AndroidManifest.xml:159:25
activity#com.rsnorrena.aminorbluesprimer.IntRiff2Of3
ADDED from AndroidManifest.xml:164:9
	android:screenOrientation
		ADDED from AndroidManifest.xml:167:13
	android:label
		ADDED from AndroidManifest.xml:166:13
	android:noHistory
		ADDED from AndroidManifest.xml:168:13
	android:name
		ADDED from AndroidManifest.xml:165:13
intent-filter#android.intent.category.DEFAULT+com.example.tammysapp.INTRIFF2OF3
ADDED from AndroidManifest.xml:169:13
action#com.example.tammysapp.INTRIFF2OF3
ADDED from AndroidManifest.xml:170:17
	android:name
		ADDED from AndroidManifest.xml:170:25
activity#com.rsnorrena.aminorbluesprimer.IntRiff3Of3
ADDED from AndroidManifest.xml:175:9
	android:screenOrientation
		ADDED from AndroidManifest.xml:178:13
	android:label
		ADDED from AndroidManifest.xml:177:13
	android:noHistory
		ADDED from AndroidManifest.xml:179:13
	android:name
		ADDED from AndroidManifest.xml:176:13
intent-filter#android.intent.category.DEFAULT+com.example.tammysapp.INTRIFF3OF3
ADDED from AndroidManifest.xml:180:13
action#com.example.tammysapp.INTRIFF3OF3
ADDED from AndroidManifest.xml:181:17
	android:name
		ADDED from AndroidManifest.xml:181:25
activity#com.rsnorrena.aminorbluesprimer.AdvRiff1Of3
ADDED from AndroidManifest.xml:186:9
	android:screenOrientation
		ADDED from AndroidManifest.xml:189:13
	android:label
		ADDED from AndroidManifest.xml:188:13
	android:noHistory
		ADDED from AndroidManifest.xml:190:13
	android:name
		ADDED from AndroidManifest.xml:187:13
intent-filter#android.intent.category.DEFAULT+com.example.tammysapp.ADVRIFF1OF3
ADDED from AndroidManifest.xml:191:13
action#com.example.tammysapp.ADVRIFF1OF3
ADDED from AndroidManifest.xml:192:17
	android:name
		ADDED from AndroidManifest.xml:192:25
activity#com.rsnorrena.aminorbluesprimer.AdvRiff2Of3
ADDED from AndroidManifest.xml:197:9
	android:screenOrientation
		ADDED from AndroidManifest.xml:200:13
	android:label
		ADDED from AndroidManifest.xml:199:13
	android:noHistory
		ADDED from AndroidManifest.xml:201:13
	android:name
		ADDED from AndroidManifest.xml:198:13
intent-filter#android.intent.category.DEFAULT+com.example.tammysapp.ADVRIFF2OF3
ADDED from AndroidManifest.xml:202:13
action#com.example.tammysapp.ADVRIFF2OF3
ADDED from AndroidManifest.xml:203:17
	android:name
		ADDED from AndroidManifest.xml:203:25
activity#com.rsnorrena.aminorbluesprimer.AdvRiff3Of3
ADDED from AndroidManifest.xml:208:9
	android:screenOrientation
		ADDED from AndroidManifest.xml:211:13
	android:label
		ADDED from AndroidManifest.xml:210:13
	android:noHistory
		ADDED from AndroidManifest.xml:212:13
	android:name
		ADDED from AndroidManifest.xml:209:13
intent-filter#android.intent.category.DEFAULT+com.example.tammysapp.ADVRIFF3OF3
ADDED from AndroidManifest.xml:213:13
action#com.example.tammysapp.ADVRIFF3OF3
ADDED from AndroidManifest.xml:214:17
	android:name
		ADDED from AndroidManifest.xml:214:25
activity#com.rsnorrena.aminorbluesprimer.VideoPlayerActivity
ADDED from AndroidManifest.xml:219:9
	android:screenOrientation
		ADDED from AndroidManifest.xml:222:13
	android:label
		ADDED from AndroidManifest.xml:221:13
	android:name
		ADDED from AndroidManifest.xml:220:13
intent-filter#android.intent.category.DEFAULT+com.example.tammysapp.VIDEOPLAYERACTIVITY
ADDED from AndroidManifest.xml:223:13
action#com.example.tammysapp.VIDEOPLAYERACTIVITY
ADDED from AndroidManifest.xml:224:17
	android:name
		ADDED from AndroidManifest.xml:224:25
activity#com.rsnorrena.aminorbluesprimer.GuitarTuner
ADDED from AndroidManifest.xml:229:9
	android:screenOrientation
		ADDED from AndroidManifest.xml:232:13
	android:label
		ADDED from AndroidManifest.xml:231:13
	android:name
		ADDED from AndroidManifest.xml:230:13
intent-filter#android.intent.category.DEFAULT+com.example.tammysapp.GUITARTUNER
ADDED from AndroidManifest.xml:233:13
action#com.example.tammysapp.GUITARTUNER
ADDED from AndroidManifest.xml:234:17
	android:name
		ADDED from AndroidManifest.xml:234:25
activity#com.rsnorrena.aminorbluesprimer.BluesSolosPractise
ADDED from AndroidManifest.xml:239:9
	android:screenOrientation
		ADDED from AndroidManifest.xml:242:13
	android:label
		ADDED from AndroidManifest.xml:241:13
	android:name
		ADDED from AndroidManifest.xml:240:13
intent-filter#android.intent.category.DEFAULT+com.example.tammysapp.BLUESSOLOSPRACTISE
ADDED from AndroidManifest.xml:243:13
action#com.example.tammysapp.BLUESSOLOSPRACTISE
ADDED from AndroidManifest.xml:244:17
	android:name
		ADDED from AndroidManifest.xml:244:25
activity#com.rsnorrena.aminorbluesprimer.ImprovTipsAndTricks
ADDED from AndroidManifest.xml:249:9
	android:screenOrientation
		ADDED from AndroidManifest.xml:252:13
	android:label
		ADDED from AndroidManifest.xml:251:13
	android:name
		ADDED from AndroidManifest.xml:250:13
intent-filter#android.intent.category.DEFAULT+com.example.tammysapp.IMPROVTIPSANDTRICKS
ADDED from AndroidManifest.xml:253:13
action#com.example.tammysapp.IMPROVTIPSANDTRICKS
ADDED from AndroidManifest.xml:254:17
	android:name
		ADDED from AndroidManifest.xml:254:25
activity#com.rsnorrena.aminorbluesprimer.ImprovTipsAndTricks1
ADDED from AndroidManifest.xml:259:9
	android:screenOrientation
		ADDED from AndroidManifest.xml:262:13
	android:label
		ADDED from AndroidManifest.xml:261:13
	android:name
		ADDED from AndroidManifest.xml:260:13
intent-filter#android.intent.category.DEFAULT+com.example.tammysapp.IMPROVTIPSANDTRICKS1
ADDED from AndroidManifest.xml:263:13
action#com.example.tammysapp.IMPROVTIPSANDTRICKS1
ADDED from AndroidManifest.xml:264:17
	android:name
		ADDED from AndroidManifest.xml:264:25